[debug] [2021-08-16T17:02:25.663Z] ----------------------------------------------------------------------
[debug] [2021-08-16T17:02:25.665Z] Command:       C:\Program Files\nodejs\node.exe C:\Users\Tusha\AppData\Roaming\npm\node_modules\firebase-tools\lib\bin\firebase.js emulators:start --only functions
[debug] [2021-08-16T17:02:25.665Z] CLI Version:   9.16.0
[debug] [2021-08-16T17:02:25.666Z] Platform:      win32
[debug] [2021-08-16T17:02:25.666Z] Node Version:  v14.17.0
[debug] [2021-08-16T17:02:25.666Z] Time:          Mon Aug 16 2021 22:32:25 GMT+0530 (India Standard Time)
[debug] [2021-08-16T17:02:25.666Z] ----------------------------------------------------------------------
[debug] 
[debug] [2021-08-16T17:02:25.723Z] > command requires scopes: ["email","openid","https://www.googleapis.com/auth/cloudplatformprojects.readonly","https://www.googleapis.com/auth/firebase","https://www.googleapis.com/auth/cloud-platform"]
[debug] [2021-08-16T17:02:25.723Z] > authorizing via signed-in user (github.tushar@gmail.com)
[info] i  emulators: Starting emulators: functions {"metadata":{"emulator":{"name":"hub"},"message":"Starting emulators: functions"}}
[debug] [2021-08-16T17:02:25.745Z] [hub] writing locator at C:\Temp\hub-chat-web-app-fc21c.json
[warn] !  functions: The following emulators are not running, calls to these services from the Functions emulator will affect production: auth, firestore, database, hosting, pubsub, storage {"metadata":{"emulator":{"name":"functions"},"message":"The following emulators are not running, calls to these services from the Functions emulator will affect production: \u001b[1mauth, firestore, database, hosting, pubsub, storage\u001b[22m"}}
[warn] !  Your requested "node" version "10" doesn't match your global version "14" {"metadata":{"emulator":{"name":"functions"},"message":"Your requested \"node\" version \"10\" doesn't match your global version \"14\""}}
[debug] [2021-08-16T17:02:25.850Z] defaultcredentials: writing to file C:\Users\Tusha\AppData\Roaming\firebase\github_tushar_gmail.com_application_default_credentials.json
[debug] [2021-08-16T17:02:25.853Z] Setting GAC to C:\Users\Tusha\AppData\Roaming\firebase\github_tushar_gmail.com_application_default_credentials.json {"metadata":{"emulator":{"name":"functions"},"message":"Setting GAC to C:\\Users\\Tusha\\AppData\\Roaming\\firebase\\github_tushar_gmail.com_application_default_credentials.json"}}
[debug] [2021-08-16T17:02:25.856Z] >>> [apiv2][query] GET https://firebase.googleapis.com/v1beta1/projects/chat-web-app-fc21c/adminSdkConfig [none]
[debug] [2021-08-16T17:02:26.752Z] <<< [apiv2][status] GET https://firebase.googleapis.com/v1beta1/projects/chat-web-app-fc21c/adminSdkConfig 200
[debug] [2021-08-16T17:02:26.753Z] <<< [apiv2][body] GET https://firebase.googleapis.com/v1beta1/projects/chat-web-app-fc21c/adminSdkConfig {"projectId":"chat-web-app-fc21c","databaseURL":"https://chat-web-app-fc21c-default-rtdb.firebaseio.com","storageBucket":"chat-web-app-fc21c.appspot.com","locationId":"asia-south1"}
[debug] [2021-08-16T17:02:26.776Z] Ignoring unsupported arg: auto_download {"metadata":{"emulator":{"name":"ui"},"message":"Ignoring unsupported arg: auto_download"}}
[debug] [2021-08-16T17:02:26.777Z] Ignoring unsupported arg: port {"metadata":{"emulator":{"name":"ui"},"message":"Ignoring unsupported arg: port"}}
[debug] [2021-08-16T17:02:26.777Z] Starting Emulator UI with command {"binary":"node","args":["C:\\Users\\Tusha\\.cache\\firebase\\emulators\\ui-v1.6.0\\server.bundle.js"],"optionalArgs":[],"joinArgs":false} {"metadata":{"emulator":{"name":"ui"},"message":"Starting Emulator UI with command {\"binary\":\"node\",\"args\":[\"C:\\\\Users\\\\Tusha\\\\.cache\\\\firebase\\\\emulators\\\\ui-v1.6.0\\\\server.bundle.js\"],\"optionalArgs\":[],\"joinArgs\":false}"}}
[info] i  ui: Emulator UI logging to ui-debug.log {"metadata":{"emulator":{"name":"ui"},"message":"Emulator UI logging to \u001b[1mui-debug.log\u001b[22m"}}
[debug] [2021-08-16T17:02:26.900Z] Web / API server started at localhost:4000
 {"metadata":{"emulator":{"name":"ui"},"message":"Web / API server started at localhost:4000\n"}}
[info] i  functions: Watching "D:\React-Bootcamp\chat-app\functions" for Cloud Functions... {"metadata":{"emulator":{"name":"functions"},"message":"Watching \"D:\\React-Bootcamp\\chat-app\\functions\" for Cloud Functions..."}}
[debug] [2021-08-16T17:02:27.074Z] [worker-pool] addWorker(~diagnostic~) {"metadata":{"emulator":{"name":"functions"},"message":"[worker-pool] addWorker(~diagnostic~)"}}
[debug] [2021-08-16T17:02:27.075Z] [worker-pool] Adding worker with key ~diagnostic~, total=1 {"metadata":{"emulator":{"name":"functions"},"message":"[worker-pool] Adding worker with key ~diagnostic~, total=1"}}
[debug] [2021-08-16T17:02:27.075Z] [worker-pool] submitWork(triggerId=) {"metadata":{"emulator":{"name":"functions"},"message":"[worker-pool] submitWork(triggerId=)"}}
[debug] [2021-08-16T17:02:27.075Z] [worker-~diagnostic~-de4b04f5-cf2b-45dc-92f3-17af422d30bd]: Assigning socketPath: \\?\pipe\D:\React-Bootcamp\chat-app\functions\6136 {"metadata":{"emulator":{"name":"functions"},"message":"[worker-~diagnostic~-de4b04f5-cf2b-45dc-92f3-17af422d30bd]: Assigning socketPath: \\\\?\\pipe\\D:\\React-Bootcamp\\chat-app\\functions\\6136"}}
[debug] [2021-08-16T17:02:27.076Z] [worker-~diagnostic~-de4b04f5-cf2b-45dc-92f3-17af422d30bd]: BUSY {"metadata":{"emulator":{"name":"functions"},"message":"[worker-~diagnostic~-de4b04f5-cf2b-45dc-92f3-17af422d30bd]: BUSY"}}
[debug] [2021-08-16T17:02:27.270Z] [runtime-status] [6136] Functions runtime initialized. {"cwd":"D:\\React-Bootcamp\\chat-app\\functions","node_version":"14.17.0"} {"metadata":{"emulator":{"name":"functions"},"message":"[runtime-status] [6136] Functions runtime initialized. {\"cwd\":\"D:\\\\React-Bootcamp\\\\chat-app\\\\functions\",\"node_version\":\"14.17.0\"}"}}
[debug] [2021-08-16T17:02:27.271Z] [runtime-status] [6136] Disabled runtime features: undefined {"metadata":{"emulator":{"name":"functions"},"message":"[runtime-status] [6136] Disabled runtime features: undefined"}}
[debug] [2021-08-16T17:02:27.274Z] [runtime-status] [6136] Resolved module firebase-admin {"declared":true,"installed":true,"version":"9.11.0","resolution":"D:\\React-Bootcamp\\chat-app\\functions\\node_modules\\firebase-admin\\lib\\index.js"} {"metadata":{"emulator":{"name":"functions"},"message":"[runtime-status] [6136] Resolved module firebase-admin {\"declared\":true,\"installed\":true,\"version\":\"9.11.0\",\"resolution\":\"D:\\\\React-Bootcamp\\\\chat-app\\\\functions\\\\node_modules\\\\firebase-admin\\\\lib\\\\index.js\"}"}}
[debug] [2021-08-16T17:02:27.277Z] [runtime-status] [6136] Resolved module firebase-functions {"declared":true,"installed":true,"version":"3.15.3","resolution":"D:\\React-Bootcamp\\chat-app\\functions\\node_modules\\firebase-functions\\lib\\index.js"} {"metadata":{"emulator":{"name":"functions"},"message":"[runtime-status] [6136] Resolved module firebase-functions {\"declared\":true,\"installed\":true,\"version\":\"3.15.3\",\"resolution\":\"D:\\\\React-Bootcamp\\\\chat-app\\\\functions\\\\node_modules\\\\firebase-functions\\\\lib\\\\index.js\"}"}}
[debug] [2021-08-16T17:02:27.278Z] [runtime-status] [6136] Resolved module firebase-functions {"declared":true,"installed":true,"version":"3.15.3","resolution":"D:\\React-Bootcamp\\chat-app\\functions\\node_modules\\firebase-functions\\lib\\index.js"} {"metadata":{"emulator":{"name":"functions"},"message":"[runtime-status] [6136] Resolved module firebase-functions {\"declared\":true,\"installed\":true,\"version\":\"3.15.3\",\"resolution\":\"D:\\\\React-Bootcamp\\\\chat-app\\\\functions\\\\node_modules\\\\firebase-functions\\\\lib\\\\index.js\"}"}}
[debug] [2021-08-16T17:02:27.280Z] [runtime-status] [6136] Outgoing network have been stubbed. [{"name":"http","status":"mocked"},{"name":"http","status":"mocked"},{"name":"https","status":"mocked"},{"name":"https","status":"mocked"},{"name":"net","status":"mocked"}] {"metadata":{"emulator":{"name":"functions"},"message":"[runtime-status] [6136] Outgoing network have been stubbed. [{\"name\":\"http\",\"status\":\"mocked\"},{\"name\":\"http\",\"status\":\"mocked\"},{\"name\":\"https\",\"status\":\"mocked\"},{\"name\":\"https\",\"status\":\"mocked\"},{\"name\":\"net\",\"status\":\"mocked\"}]"}}
[debug] [2021-08-16T17:02:27.281Z] [runtime-status] [6136] Resolved module firebase-functions {"declared":true,"installed":true,"version":"3.15.3","resolution":"D:\\React-Bootcamp\\chat-app\\functions\\node_modules\\firebase-functions\\lib\\index.js"} {"metadata":{"emulator":{"name":"functions"},"message":"[runtime-status] [6136] Resolved module firebase-functions {\"declared\":true,\"installed\":true,\"version\":\"3.15.3\",\"resolution\":\"D:\\\\React-Bootcamp\\\\chat-app\\\\functions\\\\node_modules\\\\firebase-functions\\\\lib\\\\index.js\"}"}}
[debug] [2021-08-16T17:02:27.324Z] [runtime-status] [6136] Checked functions.config() {"config":{}} {"metadata":{"emulator":{"name":"functions"},"message":"[runtime-status] [6136] Checked functions.config() {\"config\":{}}"}}
[debug] [2021-08-16T17:02:27.324Z] [runtime-status] [6136] firebase-functions has been stubbed. {"functionsResolution":{"declared":true,"installed":true,"version":"3.15.3","resolution":"D:\\React-Bootcamp\\chat-app\\functions\\node_modules\\firebase-functions\\lib\\index.js"}} {"metadata":{"emulator":{"name":"functions"},"message":"[runtime-status] [6136] firebase-functions has been stubbed. {\"functionsResolution\":{\"declared\":true,\"installed\":true,\"version\":\"3.15.3\",\"resolution\":\"D:\\\\React-Bootcamp\\\\chat-app\\\\functions\\\\node_modules\\\\firebase-functions\\\\lib\\\\index.js\"}}"}}
[debug] [2021-08-16T17:02:27.325Z] [runtime-status] [6136] Resolved module firebase-functions {"declared":true,"installed":true,"version":"3.15.3","resolution":"D:\\React-Bootcamp\\chat-app\\functions\\node_modules\\firebase-functions\\lib\\index.js"} {"metadata":{"emulator":{"name":"functions"},"message":"[runtime-status] [6136] Resolved module firebase-functions {\"declared\":true,\"installed\":true,\"version\":\"3.15.3\",\"resolution\":\"D:\\\\React-Bootcamp\\\\chat-app\\\\functions\\\\node_modules\\\\firebase-functions\\\\lib\\\\index.js\"}"}}
[debug] [2021-08-16T17:02:27.326Z] [runtime-status] [6136] Resolved module firebase-admin {"declared":true,"installed":true,"version":"9.11.0","resolution":"D:\\React-Bootcamp\\chat-app\\functions\\node_modules\\firebase-admin\\lib\\index.js"} {"metadata":{"emulator":{"name":"functions"},"message":"[runtime-status] [6136] Resolved module firebase-admin {\"declared\":true,\"installed\":true,\"version\":\"9.11.0\",\"resolution\":\"D:\\\\React-Bootcamp\\\\chat-app\\\\functions\\\\node_modules\\\\firebase-admin\\\\lib\\\\index.js\"}"}}
[debug] [2021-08-16T17:02:27.327Z] [runtime-status] [6136] Resolved module firebase-functions {"declared":true,"installed":true,"version":"3.15.3","resolution":"D:\\React-Bootcamp\\chat-app\\functions\\node_modules\\firebase-functions\\lib\\index.js"} {"metadata":{"emulator":{"name":"functions"},"message":"[runtime-status] [6136] Resolved module firebase-functions {\"declared\":true,\"installed\":true,\"version\":\"3.15.3\",\"resolution\":\"D:\\\\React-Bootcamp\\\\chat-app\\\\functions\\\\node_modules\\\\firebase-functions\\\\lib\\\\index.js\"}"}}
[debug] [2021-08-16T17:02:27.327Z] [runtime-status] [6136] firebase-admin has been stubbed. {"adminResolution":{"declared":true,"installed":true,"version":"9.11.0","resolution":"D:\\React-Bootcamp\\chat-app\\functions\\node_modules\\firebase-admin\\lib\\index.js"}} {"metadata":{"emulator":{"name":"functions"},"message":"[runtime-status] [6136] firebase-admin has been stubbed. {\"adminResolution\":{\"declared\":true,\"installed\":true,\"version\":\"9.11.0\",\"resolution\":\"D:\\\\React-Bootcamp\\\\chat-app\\\\functions\\\\node_modules\\\\firebase-admin\\\\lib\\\\index.js\"}}"}}
